2023-06-14 04:32:23,731 - INFO  [main:CassandraDaemon@125] - Logging initialized
2023-06-14 04:32:24,233 - INFO  [main:CassandraDaemon@150] - JVM vendor/version: OpenJDK 64-Bit Server VM/1.8.0_292
2023-06-14 04:32:24,233 - WARN  [main:CassandraDaemon@155] - OpenJDK is not recommended. Please upgrade to the newest Oracle Java release
2023-06-14 04:32:24,233 - INFO  [main:CassandraDaemon@178] - Heap size: 8109490176/8109490176
2023-06-14 04:32:24,233 - INFO  [main:CassandraDaemon@179] - Classpath: /home/tonypan/flaky-reproduction/evaluation/cassandra-6415/cluster/conf-1:/home/tonypan/flaky-reproduction/evaluation/cassandra-6415/cluster/src-1/build/classes/main:/home/tonypan/flaky-reproduction/evaluation/cassandra-6415/cluster/src-1/build/classes/thrift:/home/tonypan/flaky-reproduction/evaluation/cassandra-6415/cluster/src-1/lib/antlr-3.2.jar:/home/tonypan/flaky-reproduction/evaluation/cassandra-6415/cluster/src-1/lib/commons-cli-1.1.jar:/home/tonypan/flaky-reproduction/evaluation/cassandra-6415/cluster/src-1/lib/commons-codec-1.2.jar:/home/tonypan/flaky-reproduction/evaluation/cassandra-6415/cluster/src-1/lib/commons-lang3-3.1.jar:/home/tonypan/flaky-reproduction/evaluation/cassandra-6415/cluster/src-1/lib/compress-lzf-0.8.4.jar:/home/tonypan/flaky-reproduction/evaluation/cassandra-6415/cluster/src-1/lib/concurrentlinkedhashmap-lru-1.3.jar:/home/tonypan/flaky-reproduction/evaluation/cassandra-6415/cluster/src-1/lib/disruptor-3.0.1.jar:/home/tonypan/flaky-reproduction/evaluation/cassandra-6415/cluster/src-1/lib/guava-15.0.jar:/home/tonypan/flaky-reproduction/evaluation/cassandra-6415/cluster/src-1/lib/high-scale-lib-1.1.2.jar:/home/tonypan/flaky-reproduction/evaluation/cassandra-6415/cluster/src-1/lib/jackson-core-asl-1.9.2.jar:/home/tonypan/flaky-reproduction/evaluation/cassandra-6415/cluster/src-1/lib/jackson-mapper-asl-1.9.2.jar:/home/tonypan/flaky-reproduction/evaluation/cassandra-6415/cluster/src-1/lib/jamm-0.2.5.jar:/home/tonypan/flaky-reproduction/evaluation/cassandra-6415/cluster/src-1/lib/jbcrypt-0.3m.jar:/home/tonypan/flaky-reproduction/evaluation/cassandra-6415/cluster/src-1/lib/jline-1.0.jar:/home/tonypan/flaky-reproduction/evaluation/cassandra-6415/cluster/src-1/lib/json-simple-1.1.jar:/home/tonypan/flaky-reproduction/evaluation/cassandra-6415/cluster/src-1/lib/libthrift-0.9.1.jar:/home/tonypan/flaky-reproduction/evaluation/cassandra-6415/cluster/src-1/lib/log4j-1.2.16.jar:/home/tonypan/flaky-reproduction/evaluation/cassandra-6415/cluster/src-1/lib/lz4-1.2.0.jar:/home/tonypan/flaky-reproduction/evaluation/cassandra-6415/cluster/src-1/lib/metrics-core-2.2.0.jar:/home/tonypan/flaky-reproduction/evaluation/cassandra-6415/cluster/src-1/lib/netty-3.6.6.Final.jar:/home/tonypan/flaky-reproduction/evaluation/cassandra-6415/cluster/src-1/lib/reporter-config-2.1.0.jar:/home/tonypan/flaky-reproduction/evaluation/cassandra-6415/cluster/src-1/lib/servlet-api-2.5-20081211.jar:/home/tonypan/flaky-reproduction/evaluation/cassandra-6415/cluster/src-1/lib/slf4j-api-1.7.2.jar:/home/tonypan/flaky-reproduction/evaluation/cassandra-6415/cluster/src-1/lib/slf4j-log4j12-1.7.2.jar:/home/tonypan/flaky-reproduction/evaluation/cassandra-6415/cluster/src-1/lib/snakeyaml-1.11.jar:/home/tonypan/flaky-reproduction/evaluation/cassandra-6415/cluster/src-1/lib/snappy-java-1.0.5.jar:/home/tonypan/flaky-reproduction/evaluation/cassandra-6415/cluster/src-1/lib/snaptree-0.1.jar:/home/tonypan/flaky-reproduction/evaluation/cassandra-6415/cluster/src-1/lib/thrift-server-0.3.2.jar:/home/tonypan/flaky-reproduction/evaluation/cassandra-6415/cluster/conf-1/runtime-1.0-jar-with-dependencies.jar:/home/tonypan/flaky-reproduction/evaluation/cassandra-6415/cluster/src-1/lib/jamm-0.2.5.jar
2023-06-14 04:32:24,235 - INFO  [main:CLibrary@63] - JNA not found. Native methods will be disabled.
2023-06-14 04:32:24,244 - INFO  [main:YamlConfigurationLoader@76] - Loading settings from file:/home/tonypan/flaky-reproduction/evaluation/cassandra-6415/cluster/conf-1/cassandra.yaml
2023-06-14 04:32:24,414 - INFO  [main:DatabaseDescriptor@141] - Data files directories: [/home/tonypan/flaky-reproduction/evaluation/cassandra-6415/cluster/store-1/data]
2023-06-14 04:32:24,414 - INFO  [main:DatabaseDescriptor@142] - Commit log directory: /home/tonypan/flaky-reproduction/evaluation/cassandra-6415/cluster/store-1/commitlog
2023-06-14 04:32:24,414 - INFO  [main:DatabaseDescriptor@182] - DiskAccessMode 'auto' determined to be mmap, indexAccessMode is mmap
2023-06-14 04:32:24,414 - INFO  [main:DatabaseDescriptor@196] - disk_failure_policy is best_effort
2023-06-14 04:32:24,419 - INFO  [main:DatabaseDescriptor@261] - Global memtable threshold is enabled at 1933MB
2023-06-14 04:32:24,492 - INFO  [main:DatabaseDescriptor@394] - Not using multi-threaded compaction
2023-06-14 04:32:24,740 - INFO  [main:CacheService@105] - Initializing key cache with capacity of 100 MBs.
2023-06-14 04:32:24,747 - INFO  [main:CacheService@117] - Scheduling key cache save to each 14400 seconds (going to save all keys).
2023-06-14 04:32:24,748 - INFO  [main:CacheService@131] - Initializing row cache with capacity of 0 MBs
2023-06-14 04:32:24,753 - INFO  [main:CacheService@141] - Scheduling row cache save to each 0 seconds (going to save all keys).
2023-06-14 04:32:24,800 - INFO  [main:ColumnFamilyStore@251] - Initializing system.sstable_activity
2023-06-14 04:32:24,816 - INFO  [main:ColumnFamilyStore@251] - Initializing system.hints
2023-06-14 04:32:24,820 - INFO  [main:ColumnFamilyStore@251] - Initializing system.NodeIdInfo
2023-06-14 04:32:24,824 - INFO  [main:ColumnFamilyStore@251] - Initializing system.compaction_history
2023-06-14 04:32:24,827 - INFO  [main:ColumnFamilyStore@251] - Initializing system.peers
2023-06-14 04:32:24,830 - INFO  [main:ColumnFamilyStore@251] - Initializing system.schema_columnfamilies
2023-06-14 04:32:24,833 - INFO  [main:ColumnFamilyStore@251] - Initializing system.IndexInfo
2023-06-14 04:32:24,836 - INFO  [main:ColumnFamilyStore@251] - Initializing system.local
2023-06-14 04:32:24,838 - INFO  [main:ColumnFamilyStore@251] - Initializing system.schema_triggers
2023-06-14 04:32:24,841 - INFO  [main:ColumnFamilyStore@251] - Initializing system.schema_columns
2023-06-14 04:32:24,843 - INFO  [main:ColumnFamilyStore@251] - Initializing system.batchlog
2023-06-14 04:32:24,846 - INFO  [main:ColumnFamilyStore@251] - Initializing system.peer_events
2023-06-14 04:32:24,849 - INFO  [main:ColumnFamilyStore@251] - Initializing system.paxos
2023-06-14 04:32:24,851 - INFO  [main:ColumnFamilyStore@251] - Initializing system.compactions_in_progress
2023-06-14 04:32:24,853 - INFO  [main:ColumnFamilyStore@251] - Initializing system.range_xfers
2023-06-14 04:32:24,855 - INFO  [main:ColumnFamilyStore@251] - Initializing system.schema_keyspaces
2023-06-14 04:32:25,043 - INFO  [main:DatabaseDescriptor@511] - Couldn't detect any schema definitions in local storage.
2023-06-14 04:32:25,043 - INFO  [main:DatabaseDescriptor@516] - To create keyspaces and column families, see 'help create' in cqlsh.
2023-06-14 04:32:25,080 - INFO  [main:ColumnFamilyStore@740] - Enqueuing flush of Memtable-local@1521083627(141/1410 serialized/live bytes, 6 ops)
2023-06-14 04:32:25,081 - INFO  [FlushWriter:1:Memtable$FlushRunnable@333] - Writing Memtable-local@1521083627(141/1410 serialized/live bytes, 6 ops)
2023-06-14 04:32:25,202 - INFO  [FlushWriter:1:Memtable$FlushRunnable@373] - Completed flushing /home/tonypan/flaky-reproduction/evaluation/cassandra-6415/cluster/store-1/data/system/local/system-local-jb-1-Data.db (173 bytes) for commitlog position ReplayPosition(segmentId=1686731545028, position=409)
2023-06-14 04:32:25,211 - INFO  [main:CommitLog@120] - No commitlog files found; skipping replay
2023-06-14 04:32:25,771 - INFO  [main:StorageService@480] - Cassandra version: 2.0.3-SNAPSHOT
2023-06-14 04:32:25,771 - INFO  [main:StorageService@481] - Thrift API version: 19.38.0
2023-06-14 04:32:25,776 - INFO  [main:StorageService@482] - CQL supported versions: 2.0.0,3.1.2 (default: 3.1.2)
2023-06-14 04:32:25,795 - INFO  [main:StorageService@505] - Loading persisted ring state
2023-06-14 04:32:25,852 - WARN  [main:SystemKeyspace@648] - No host ID found, created 5c6edd58-7bb8-4d3d-9779-0a57d3063001 (Note: This should happen exactly once per node).
2023-06-14 04:32:25,858 - INFO  [main:StorageService@620] - Starting up server gossip
2023-06-14 04:32:25,864 - INFO  [main:ColumnFamilyStore@740] - Enqueuing flush of Memtable-local@111374580(329/3290 serialized/live bytes, 12 ops)
2023-06-14 04:32:25,864 - INFO  [FlushWriter:1:Memtable$FlushRunnable@333] - Writing Memtable-local@111374580(329/3290 serialized/live bytes, 12 ops)
2023-06-14 04:32:26,081 - INFO  [FlushWriter:1:Memtable$FlushRunnable@373] - Completed flushing /home/tonypan/flaky-reproduction/evaluation/cassandra-6415/cluster/store-1/data/system/local/system-local-jb-2-Data.db (309 bytes) for commitlog position ReplayPosition(segmentId=1686731545028, position=82231)
2023-06-14 04:32:26,115 - INFO  [main:MessagingService@474] - Starting Messaging Service on port 7000
2023-06-14 04:32:26,147 - INFO  [main:StorageService@752] - Saved tokens not found. Using configuration value: [-3074457345618258603]
2023-06-14 04:32:26,163 - INFO  [main:MigrationManager@220] - Create new Keyspace: system_traces, rep strategy:SimpleStrategy{org.apache.cassandra.config.CFMetaData@625732[cfId=c5e99f16-8677-3914-b17e-960613512345,ksName=system_traces,cfName=sessions,cfType=Standard,comparator=org.apache.cassandra.db.marshal.CompositeType(org.apache.cassandra.db.marshal.UTF8Type,org.apache.cassandra.db.marshal.ColumnToCollectionType(706172616d6574657273:org.apache.cassandra.db.marshal.MapType(org.apache.cassandra.db.marshal.UTF8Type,org.apache.cassandra.db.marshal.UTF8Type))),comment=traced sessions,readRepairChance=0.0,dclocalReadRepairChance=0.0,replicateOnWrite=true,gcGraceSeconds=0,defaultValidator=org.apache.cassandra.db.marshal.BytesType,keyValidator=org.apache.cassandra.db.marshal.UUIDType,minCompactionThreshold=4,maxCompactionThreshold=32,column_metadata={java.nio.HeapByteBuffer[pos=0 lim=10 cap=10]=ColumnDefinition{name=73657373696f6e5f6964, validator=org.apache.cassandra.db.marshal.UUIDType, type=PARTITION_KEY, componentIndex=null, indexName=null, indexType=null}, java.nio.HeapByteBuffer[pos=0 lim=11 cap=11]=ColumnDefinition{name=636f6f7264696e61746f72, validator=org.apache.cassandra.db.marshal.InetAddressType, type=REGULAR, componentIndex=0, indexName=null, indexType=null}, java.nio.HeapByteBuffer[pos=0 lim=7 cap=7]=ColumnDefinition{name=72657175657374, validator=org.apache.cassandra.db.marshal.UTF8Type, type=REGULAR, componentIndex=0, indexName=null, indexType=null}, java.nio.HeapByteBuffer[pos=0 lim=10 cap=10]=ColumnDefinition{name=737461727465645f6174, validator=org.apache.cassandra.db.marshal.TimestampType, type=REGULAR, componentIndex=0, indexName=null, indexType=null}, java.nio.HeapByteBuffer[pos=0 lim=10 cap=10]=ColumnDefinition{name=706172616d6574657273, validator=org.apache.cassandra.db.marshal.MapType(org.apache.cassandra.db.marshal.UTF8Type,org.apache.cassandra.db.marshal.UTF8Type), type=REGULAR, componentIndex=0, indexName=null, indexType=null}, java.nio.HeapByteBuffer[pos=0 lim=8 cap=8]=ColumnDefinition{name=6475726174696f6e, validator=org.apache.cassandra.db.marshal.Int32Type, type=REGULAR, componentIndex=0, indexName=null, indexType=null}},compactionStrategyClass=class org.apache.cassandra.db.compaction.SizeTieredCompactionStrategy,compactionStrategyOptions={},compressionOptions={sstable_compression=org.apache.cassandra.io.compress.LZ4Compressor},bloomFilterFpChance=0.01,memtable_flush_period_in_ms=3600000,caching=KEYS_ONLY,defaultTimeToLive=0,speculative_retry=99.0PERCENTILE,indexInterval=128,populateIoCacheOnFlush=false,droppedColumns={},triggers={}], org.apache.cassandra.config.CFMetaData@6631f5ca[cfId=8826e8e9-e16a-3728-8753-3bc1fc713c25,ksName=system_traces,cfName=events,cfType=Standard,comparator=org.apache.cassandra.db.marshal.CompositeType(org.apache.cassandra.db.marshal.TimeUUIDType,org.apache.cassandra.db.marshal.UTF8Type),comment=,readRepairChance=0.0,dclocalReadRepairChance=0.0,replicateOnWrite=true,gcGraceSeconds=0,defaultValidator=org.apache.cassandra.db.marshal.BytesType,keyValidator=org.apache.cassandra.db.marshal.UUIDType,minCompactionThreshold=4,maxCompactionThreshold=32,column_metadata={java.nio.HeapByteBuffer[pos=0 lim=8 cap=8]=ColumnDefinition{name=6163746976697479, validator=org.apache.cassandra.db.marshal.UTF8Type, type=REGULAR, componentIndex=1, indexName=null, indexType=null}, java.nio.HeapByteBuffer[pos=0 lim=6 cap=6]=ColumnDefinition{name=746872656164, validator=org.apache.cassandra.db.marshal.UTF8Type, type=REGULAR, componentIndex=1, indexName=null, indexType=null}, java.nio.HeapByteBuffer[pos=0 lim=10 cap=10]=ColumnDefinition{name=73657373696f6e5f6964, validator=org.apache.cassandra.db.marshal.UUIDType, type=PARTITION_KEY, componentIndex=null, indexName=null, indexType=null}, java.nio.HeapByteBuffer[pos=0 lim=8 cap=8]=ColumnDefinition{name=6576656e745f6964, validator=org.apache.cassandra.db.marshal.TimeUUIDType, type=CLUSTERING_KEY, componentIndex=0, indexName=null, indexType=null}, java.nio.HeapByteBuffer[pos=0 lim=6 cap=6]=ColumnDefinition{name=736f75726365, validator=org.apache.cassandra.db.marshal.InetAddressType, type=REGULAR, componentIndex=1, indexName=null, indexType=null}, java.nio.HeapByteBuffer[pos=0 lim=14 cap=14]=ColumnDefinition{name=736f757263655f656c6170736564, validator=org.apache.cassandra.db.marshal.Int32Type, type=REGULAR, componentIndex=1, indexName=null, indexType=null}},compactionStrategyClass=class org.apache.cassandra.db.compaction.SizeTieredCompactionStrategy,compactionStrategyOptions={},compressionOptions={sstable_compression=org.apache.cassandra.io.compress.LZ4Compressor},bloomFilterFpChance=0.01,memtable_flush_period_in_ms=3600000,caching=KEYS_ONLY,defaultTimeToLive=0,speculative_retry=99.0PERCENTILE,indexInterval=128,populateIoCacheOnFlush=false,droppedColumns={},triggers={}]}, strategy_options: {replication_factor=2}, durable_writes: true
2023-06-14 04:32:26,379 - INFO  [MigrationStage:1:ColumnFamilyStore@740] - Enqueuing flush of Memtable-schema_keyspaces@1000422022(251/2510 serialized/live bytes, 7 ops)
2023-06-14 04:32:26,380 - INFO  [FlushWriter:1:Memtable$FlushRunnable@333] - Writing Memtable-schema_keyspaces@1000422022(251/2510 serialized/live bytes, 7 ops)
2023-06-14 04:32:26,458 - INFO  [FlushWriter:1:Memtable$FlushRunnable@373] - Completed flushing /home/tonypan/flaky-reproduction/evaluation/cassandra-6415/cluster/store-1/data/system/schema_keyspaces/system-schema_keyspaces-jb-1-Data.db (216 bytes) for commitlog position ReplayPosition(segmentId=1686731545028, position=90966)
2023-06-14 04:32:26,459 - INFO  [MigrationStage:1:ColumnFamilyStore@740] - Enqueuing flush of Memtable-schema_columnfamilies@895927170(28865/288650 serialized/live bytes, 451 ops)
2023-06-14 04:32:26,460 - INFO  [FlushWriter:1:Memtable$FlushRunnable@333] - Writing Memtable-schema_columnfamilies@895927170(28865/288650 serialized/live bytes, 451 ops)
2023-06-14 04:32:26,615 - INFO  [FlushWriter:1:Memtable$FlushRunnable@373] - Completed flushing /home/tonypan/flaky-reproduction/evaluation/cassandra-6415/cluster/store-1/data/system/schema_columnfamilies/system-schema_columnfamilies-jb-1-Data.db (5717 bytes) for commitlog position ReplayPosition(segmentId=1686731545028, position=90966)
2023-06-14 04:32:26,616 - INFO  [MigrationStage:1:ColumnFamilyStore@740] - Enqueuing flush of Memtable-schema_columns@827937270(51047/510470 serialized/live bytes, 848 ops)
2023-06-14 04:32:26,617 - INFO  [FlushWriter:1:Memtable$FlushRunnable@333] - Writing Memtable-schema_columns@827937270(51047/510470 serialized/live bytes, 848 ops)
2023-06-14 04:32:26,851 - INFO  [FlushWriter:1:Memtable$FlushRunnable@373] - Completed flushing /home/tonypan/flaky-reproduction/evaluation/cassandra-6415/cluster/store-1/data/system/schema_columns/system-schema_columns-jb-1-Data.db (10108 bytes) for commitlog position ReplayPosition(segmentId=1686731545028, position=90966)
2023-06-14 04:32:27,095 - INFO  [HANDSHAKE-/127.0.0.1:OutboundTcpConnection$1@386] - Handshaking version with /127.0.0.1
2023-06-14 04:32:27,107 - INFO  [GossipStage:1:Gossiper@870] - Node /127.0.0.1 is now part of the cluster
2023-06-14 04:32:27,117 - INFO  [HANDSHAKE-/127.0.0.1:OutboundTcpConnection$1@386] - Handshaking version with /127.0.0.1
2023-06-14 04:32:27,130 - INFO  [RequestResponseStage:1:Gossiper$2@833] - InetAddress /127.0.0.1 is now UP
2023-06-14 04:32:27,134 - INFO  [MigrationStage:1:DefsTables@341] - Loading org.apache.cassandra.config.CFMetaData@7eeb56bc[cfId=c5e99f16-8677-3914-b17e-960613512345,ksName=system_traces,cfName=sessions,cfType=Standard,comparator=org.apache.cassandra.db.marshal.CompositeType(org.apache.cassandra.db.marshal.UTF8Type,org.apache.cassandra.db.marshal.ColumnToCollectionType(706172616d6574657273:org.apache.cassandra.db.marshal.MapType(org.apache.cassandra.db.marshal.UTF8Type,org.apache.cassandra.db.marshal.UTF8Type))),comment=traced sessions,readRepairChance=0.0,dclocalReadRepairChance=0.0,replicateOnWrite=true,gcGraceSeconds=0,defaultValidator=org.apache.cassandra.db.marshal.BytesType,keyValidator=org.apache.cassandra.db.marshal.UUIDType,minCompactionThreshold=4,maxCompactionThreshold=32,column_metadata={java.nio.HeapByteBuffer[pos=0 lim=10 cap=10]=ColumnDefinition{name=73657373696f6e5f6964, validator=org.apache.cassandra.db.marshal.UUIDType, type=PARTITION_KEY, componentIndex=null, indexName=null, indexType=null}, java.nio.HeapByteBuffer[pos=0 lim=11 cap=11]=ColumnDefinition{name=636f6f7264696e61746f72, validator=org.apache.cassandra.db.marshal.InetAddressType, type=REGULAR, componentIndex=0, indexName=null, indexType=null}, java.nio.HeapByteBuffer[pos=0 lim=7 cap=7]=ColumnDefinition{name=72657175657374, validator=org.apache.cassandra.db.marshal.UTF8Type, type=REGULAR, componentIndex=0, indexName=null, indexType=null}, java.nio.HeapByteBuffer[pos=0 lim=10 cap=10]=ColumnDefinition{name=737461727465645f6174, validator=org.apache.cassandra.db.marshal.TimestampType, type=REGULAR, componentIndex=0, indexName=null, indexType=null}, java.nio.HeapByteBuffer[pos=0 lim=8 cap=8]=ColumnDefinition{name=6475726174696f6e, validator=org.apache.cassandra.db.marshal.Int32Type, type=REGULAR, componentIndex=0, indexName=null, indexType=null}, java.nio.HeapByteBuffer[pos=0 lim=10 cap=10]=ColumnDefinition{name=706172616d6574657273, validator=org.apache.cassandra.db.marshal.MapType(org.apache.cassandra.db.marshal.UTF8Type,org.apache.cassandra.db.marshal.UTF8Type), type=REGULAR, componentIndex=0, indexName=null, indexType=null}},compactionStrategyClass=class org.apache.cassandra.db.compaction.SizeTieredCompactionStrategy,compactionStrategyOptions={},compressionOptions={sstable_compression=org.apache.cassandra.io.compress.LZ4Compressor},bloomFilterFpChance=0.01,memtable_flush_period_in_ms=3600000,caching=KEYS_ONLY,defaultTimeToLive=0,speculative_retry=99.0PERCENTILE,indexInterval=128,populateIoCacheOnFlush=false,droppedColumns={},triggers={}]
2023-06-14 04:32:27,136 - INFO  [MigrationStage:1:ColumnFamilyStore@251] - Initializing system_traces.sessions
2023-06-14 04:32:27,138 - INFO  [MigrationStage:1:DefsTables@341] - Loading org.apache.cassandra.config.CFMetaData@3319450[cfId=8826e8e9-e16a-3728-8753-3bc1fc713c25,ksName=system_traces,cfName=events,cfType=Standard,comparator=org.apache.cassandra.db.marshal.CompositeType(org.apache.cassandra.db.marshal.TimeUUIDType,org.apache.cassandra.db.marshal.UTF8Type),comment=,readRepairChance=0.0,dclocalReadRepairChance=0.0,replicateOnWrite=true,gcGraceSeconds=0,defaultValidator=org.apache.cassandra.db.marshal.BytesType,keyValidator=org.apache.cassandra.db.marshal.UUIDType,minCompactionThreshold=4,maxCompactionThreshold=32,column_metadata={java.nio.HeapByteBuffer[pos=0 lim=8 cap=8]=ColumnDefinition{name=6163746976697479, validator=org.apache.cassandra.db.marshal.UTF8Type, type=REGULAR, componentIndex=1, indexName=null, indexType=null}, java.nio.HeapByteBuffer[pos=0 lim=10 cap=10]=ColumnDefinition{name=73657373696f6e5f6964, validator=org.apache.cassandra.db.marshal.UUIDType, type=PARTITION_KEY, componentIndex=null, indexName=null, indexType=null}, java.nio.HeapByteBuffer[pos=0 lim=6 cap=6]=ColumnDefinition{name=746872656164, validator=org.apache.cassandra.db.marshal.UTF8Type, type=REGULAR, componentIndex=1, indexName=null, indexType=null}, java.nio.HeapByteBuffer[pos=0 lim=8 cap=8]=ColumnDefinition{name=6576656e745f6964, validator=org.apache.cassandra.db.marshal.TimeUUIDType, type=CLUSTERING_KEY, componentIndex=0, indexName=null, indexType=null}, java.nio.HeapByteBuffer[pos=0 lim=6 cap=6]=ColumnDefinition{name=736f75726365, validator=org.apache.cassandra.db.marshal.InetAddressType, type=REGULAR, componentIndex=1, indexName=null, indexType=null}, java.nio.HeapByteBuffer[pos=0 lim=14 cap=14]=ColumnDefinition{name=736f757263655f656c6170736564, validator=org.apache.cassandra.db.marshal.Int32Type, type=REGULAR, componentIndex=1, indexName=null, indexType=null}},compactionStrategyClass=class org.apache.cassandra.db.compaction.SizeTieredCompactionStrategy,compactionStrategyOptions={},compressionOptions={sstable_compression=org.apache.cassandra.io.compress.LZ4Compressor},bloomFilterFpChance=0.01,memtable_flush_period_in_ms=3600000,caching=KEYS_ONLY,defaultTimeToLive=0,speculative_retry=99.0PERCENTILE,indexInterval=128,populateIoCacheOnFlush=false,droppedColumns={},triggers={}]
2023-06-14 04:32:27,139 - INFO  [MigrationStage:1:ColumnFamilyStore@251] - Initializing system_traces.events
2023-06-14 04:32:27,172 - INFO  [HANDSHAKE-/127.0.0.3:OutboundTcpConnection$1@386] - Handshaking version with /127.0.0.3
2023-06-14 04:32:27,182 - INFO  [GossipStage:1:Gossiper@870] - Node /127.0.0.3 is now part of the cluster
2023-06-14 04:32:27,185 - INFO  [HANDSHAKE-/127.0.0.3:OutboundTcpConnection$1@386] - Handshaking version with /127.0.0.3
2023-06-14 04:32:27,195 - INFO  [RequestResponseStage:2:Gossiper$2@833] - InetAddress /127.0.0.3 is now UP
2023-06-14 04:32:27,417 - INFO  [main:ColumnFamilyStore@740] - Enqueuing flush of Memtable-local@1526970878(84/840 serialized/live bytes, 6 ops)
2023-06-14 04:32:27,418 - INFO  [FlushWriter:1:Memtable$FlushRunnable@333] - Writing Memtable-local@1526970878(84/840 serialized/live bytes, 6 ops)
2023-06-14 04:32:27,469 - INFO  [FlushWriter:1:Memtable$FlushRunnable@373] - Completed flushing /home/tonypan/flaky-reproduction/evaluation/cassandra-6415/cluster/store-1/data/system/local/system-local-jb-3-Data.db (115 bytes) for commitlog position ReplayPosition(segmentId=1686731545028, position=92717)
2023-06-14 04:32:27,475 - INFO  [main:ColumnFamilyStore@740] - Enqueuing flush of Memtable-local@1128948651(51/510 serialized/live bytes, 2 ops)
2023-06-14 04:32:27,475 - INFO  [FlushWriter:1:Memtable$FlushRunnable@333] - Writing Memtable-local@1128948651(51/510 serialized/live bytes, 2 ops)
2023-06-14 04:32:27,523 - INFO  [FlushWriter:1:Memtable$FlushRunnable@373] - Completed flushing /home/tonypan/flaky-reproduction/evaluation/cassandra-6415/cluster/store-1/data/system/local/system-local-jb-4-Data.db (97 bytes) for commitlog position ReplayPosition(segmentId=1686731545028, position=92884)
2023-06-14 04:32:27,529 - INFO  [CompactionExecutor:3:CompactionTask@115] - Compacting [SSTableReader(path='/home/tonypan/flaky-reproduction/evaluation/cassandra-6415/cluster/store-1/data/system/local/system-local-jb-2-Data.db'), SSTableReader(path='/home/tonypan/flaky-reproduction/evaluation/cassandra-6415/cluster/store-1/data/system/local/system-local-jb-3-Data.db'), SSTableReader(path='/home/tonypan/flaky-reproduction/evaluation/cassandra-6415/cluster/store-1/data/system/local/system-local-jb-4-Data.db'), SSTableReader(path='/home/tonypan/flaky-reproduction/evaluation/cassandra-6415/cluster/store-1/data/system/local/system-local-jb-1-Data.db')]
2023-06-14 04:32:27,549 - INFO  [main:StorageService@1371] - Node /127.0.0.2 state jump to normal
2023-06-14 04:32:27,555 - INFO  [main:StorageService@821] - Startup completed! Now serving reads.
2023-06-14 04:32:27,679 - INFO  [main:Server@156] - Starting listening for CQL clients on /127.0.0.2:9047...
2023-06-14 04:32:27,719 - INFO  [main:ThriftServer@99] - Using TFramedTransport with a max frame size of 15728640 bytes.
2023-06-14 04:32:27,720 - INFO  [main:ThriftServer$ThriftServerThread@118] - Binding thrift service to /127.0.0.2:9172
2023-06-14 04:32:27,725 - INFO  [CompactionExecutor:3:CompactionTask@275] - Compacted 4 sstables to [/home/tonypan/flaky-reproduction/evaluation/cassandra-6415/cluster/store-1/data/system/local/system-local-jb-5,].  694 bytes to 527 (~75% of original) in 190ms = 0.002645MB/s.  4 total partitions merged to 1.  Partition merge counts were {4:1, }
2023-06-14 04:32:27,729 - INFO  [main:TServerCustomFactory@47] - Using synchronous/threadpool thrift server on 127.0.0.2 : 9172
2023-06-14 04:32:27,729 - INFO  [Thread-6:ThriftServer$ThriftServerThread@135] - Listening for thrift clients...
2023-06-14 04:32:34,477 - INFO  [MigrationStage:1:ColumnFamilyStore@740] - Enqueuing flush of Memtable-schema_keyspaces@1046813377(138/1380 serialized/live bytes, 3 ops)
2023-06-14 04:32:34,478 - INFO  [FlushWriter:1:Memtable$FlushRunnable@333] - Writing Memtable-schema_keyspaces@1046813377(138/1380 serialized/live bytes, 3 ops)
2023-06-14 04:32:34,525 - INFO  [FlushWriter:1:Memtable$FlushRunnable@373] - Completed flushing /home/tonypan/flaky-reproduction/evaluation/cassandra-6415/cluster/store-1/data/system/schema_keyspaces/system-schema_keyspaces-jb-2-Data.db (163 bytes) for commitlog position ReplayPosition(segmentId=1686731545028, position=94138)
2023-06-14 04:32:35,328 - INFO  [MigrationStage:1:ColumnFamilyStore@740] - Enqueuing flush of Memtable-schema_columnfamilies@2145278113(1422/14220 serialized/live bytes, 25 ops)
2023-06-14 04:32:35,328 - INFO  [FlushWriter:1:Memtable$FlushRunnable@333] - Writing Memtable-schema_columnfamilies@2145278113(1422/14220 serialized/live bytes, 25 ops)
2023-06-14 04:32:35,409 - INFO  [FlushWriter:1:Memtable$FlushRunnable@373] - Completed flushing /home/tonypan/flaky-reproduction/evaluation/cassandra-6415/cluster/store-1/data/system/schema_columnfamilies/system-schema_columnfamilies-jb-2-Data.db (805 bytes) for commitlog position ReplayPosition(segmentId=1686731545028, position=100713)
2023-06-14 04:32:35,411 - INFO  [MigrationStage:1:ColumnFamilyStore@740] - Enqueuing flush of Memtable-schema_columns@625607347(3929/39290 serialized/live bytes, 77 ops)
2023-06-14 04:32:35,411 - INFO  [FlushWriter:1:Memtable$FlushRunnable@333] - Writing Memtable-schema_columns@625607347(3929/39290 serialized/live bytes, 77 ops)
2023-06-14 04:32:35,469 - INFO  [FlushWriter:1:Memtable$FlushRunnable@373] - Completed flushing /home/tonypan/flaky-reproduction/evaluation/cassandra-6415/cluster/store-1/data/system/schema_columns/system-schema_columns-jb-2-Data.db (702 bytes) for commitlog position ReplayPosition(segmentId=1686731545028, position=100713)
2023-06-14 04:32:35,633 - INFO  [MigrationStage:1:DefsTables@341] - Loading org.apache.cassandra.config.CFMetaData@2f5c9602[cfId=7f032c76-8e13-34ff-8d56-24fa66dcb6ff,ksName=gray_space,cfName=gray_table,cfType=Standard,comparator=org.apache.cassandra.db.marshal.CompositeType(org.apache.cassandra.db.marshal.UTF8Type),comment=,readRepairChance=0.1,dclocalReadRepairChance=0.0,replicateOnWrite=true,gcGraceSeconds=864000,defaultValidator=org.apache.cassandra.db.marshal.BytesType,keyValidator=org.apache.cassandra.db.marshal.Int32Type,minCompactionThreshold=4,maxCompactionThreshold=32,column_metadata={java.nio.HeapByteBuffer[pos=0 lim=6 cap=6]=ColumnDefinition{name=6669656c6437, validator=org.apache.cassandra.db.marshal.AsciiType, type=REGULAR, componentIndex=0, indexName=null, indexType=null}, java.nio.HeapByteBuffer[pos=0 lim=6 cap=6]=ColumnDefinition{name=6669656c6434, validator=org.apache.cassandra.db.marshal.AsciiType, type=REGULAR, componentIndex=0, indexName=null, indexType=null}, java.nio.HeapByteBuffer[pos=0 lim=6 cap=6]=ColumnDefinition{name=6669656c6432, validator=org.apache.cassandra.db.marshal.AsciiType, type=REGULAR, componentIndex=0, indexName=null, indexType=null}, java.nio.HeapByteBuffer[pos=0 lim=7 cap=7]=ColumnDefinition{name=677261795f6964, validator=org.apache.cassandra.db.marshal.Int32Type, type=PARTITION_KEY, componentIndex=null, indexName=null, indexType=null}, java.nio.HeapByteBuffer[pos=0 lim=6 cap=6]=ColumnDefinition{name=6669656c6430, validator=org.apache.cassandra.db.marshal.AsciiType, type=REGULAR, componentIndex=0, indexName=null, indexType=null}, java.nio.HeapByteBuffer[pos=0 lim=6 cap=6]=ColumnDefinition{name=6669656c6433, validator=org.apache.cassandra.db.marshal.AsciiType, type=REGULAR, componentIndex=0, indexName=null, indexType=null}, java.nio.HeapByteBuffer[pos=0 lim=6 cap=6]=ColumnDefinition{name=6669656c6436, validator=org.apache.cassandra.db.marshal.AsciiType, type=REGULAR, componentIndex=0, indexName=null, indexType=null}, java.nio.HeapByteBuffer[pos=0 lim=6 cap=6]=ColumnDefinition{name=6669656c6438, validator=org.apache.cassandra.db.marshal.AsciiType, type=REGULAR, componentIndex=0, indexName=null, indexType=null}, java.nio.HeapByteBuffer[pos=0 lim=6 cap=6]=ColumnDefinition{name=6669656c6435, validator=org.apache.cassandra.db.marshal.AsciiType, type=REGULAR, componentIndex=0, indexName=null, indexType=null}, java.nio.HeapByteBuffer[pos=0 lim=6 cap=6]=ColumnDefinition{name=6669656c6439, validator=org.apache.cassandra.db.marshal.AsciiType, type=REGULAR, componentIndex=0, indexName=null, indexType=null}, java.nio.HeapByteBuffer[pos=0 lim=6 cap=6]=ColumnDefinition{name=6669656c6431, validator=org.apache.cassandra.db.marshal.AsciiType, type=REGULAR, componentIndex=0, indexName=null, indexType=null}},compactionStrategyClass=class org.apache.cassandra.db.compaction.SizeTieredCompactionStrategy,compactionStrategyOptions={},compressionOptions={sstable_compression=org.apache.cassandra.io.compress.LZ4Compressor},bloomFilterFpChance=0.01,memtable_flush_period_in_ms=0,caching=KEYS_ONLY,defaultTimeToLive=0,speculative_retry=99.0PERCENTILE,indexInterval=128,populateIoCacheOnFlush=false,droppedColumns={},triggers={}]
2023-06-14 04:32:35,635 - INFO  [MigrationStage:1:ColumnFamilyStore@251] - Initializing gray_space.gray_table
2023-06-14 04:32:46,316 - WARN  [Native-Transport-Requests:38:FBUtilities@361] - Trigger directory doesn't exist, please create it and try again.
2023-06-14 04:32:46,317 - INFO  [HANDSHAKE-/127.0.0.3:OutboundTcpConnection$1@386] - Handshaking version with /127.0.0.3
2023-06-14 04:32:46,317 - INFO  [HANDSHAKE-/127.0.0.1:OutboundTcpConnection$1@386] - Handshaking version with /127.0.0.1
2023-06-14 04:32:46,333 - INFO  [HANDSHAKE-/127.0.0.2:OutboundTcpConnection$1@386] - Handshaking version with /127.0.0.2
2023-06-14 04:32:46,343 - INFO  [HANDSHAKE-/127.0.0.2:OutboundTcpConnection$1@386] - Handshaking version with /127.0.0.2
2023-06-14 04:32:46,529 - INFO  [MemoryMeter:1:Memtable$MeteringRunnable@451] - CFS(Keyspace='gray_space', ColumnFamily='gray_table') liveRatio is 6.152050320551591 (just-counted was 2.3041006411031812).  calculation took 24ms for 77 cells
2023-06-14 04:32:46,775 - INFO  [MemoryMeter:1:Memtable$MeteringRunnable@451] - CFS(Keyspace='gray_space', ColumnFamily='gray_table') liveRatio is 4.2280754808273855 (just-counted was 2.3041006411031812).  calculation took 19ms for 77 cells
2023-06-14 04:32:47,174 - INFO  [MemoryMeter:1:Memtable$MeteringRunnable@451] - CFS(Keyspace='gray_space', ColumnFamily='gray_table') liveRatio is 3.2699588726261037 (just-counted was 2.3118422644248215).  calculation took 7ms for 77 cells
2023-06-14 04:32:57,407 - INFO  [MiscStage:1:ColumnFamilyStore@740] - Enqueuing flush of Memtable-gray_table@1321787541(8267/27032 serialized/live bytes, 705 ops)
2023-06-14 04:32:57,407 - INFO  [FlushWriter:1:Memtable$FlushRunnable@333] - Writing Memtable-gray_table@1321787541(8267/27032 serialized/live bytes, 705 ops)
2023-06-14 04:32:57,475 - INFO  [FlushWriter:1:Memtable$FlushRunnable@373] - Completed flushing /home/tonypan/flaky-reproduction/evaluation/cassandra-6415/cluster/store-1/data/gray_space/gray_table/gray_space-gray_table-jb-1-Data.db (1693 bytes) for commitlog position ReplayPosition(segmentId=1686731545028, position=176120)
2023-06-14 04:32:57,496 - INFO  [ValidationExecutor:1:SSTableReader@223] - Opening /home/tonypan/flaky-reproduction/evaluation/cassandra-6415/cluster/store-1/data/gray_space/gray_table/snapshots/108799a0-0a8e-11ee-a10b-ed7ba4a7ec65/gray_space-gray_table-jb-1 (1693 bytes)
2023-06-14 04:32:57,584 - INFO  [AntiEntropyStage:1:Validator@254] - [repair #108799a0-0a8e-11ee-a10b-ed7ba4a7ec65] Sending completed merkle tree to /127.0.0.1 for gray_space/gray_table
2023-06-14 04:33:17,162 - ERROR [MiscStage:1:CassandraDaemon$2@187] - Exception in thread Thread[MiscStage:1,5,main]
java.lang.AssertionError: java.lang.InterruptedException: flaky test exception injection of TraceAgent
	at org.apache.cassandra.utils.FBUtilities.waitOnFuture(FBUtilities.java:417)
	at org.apache.cassandra.db.ColumnFamilyStore.forceBlockingFlush(ColumnFamilyStore.java:822)
	at org.apache.cassandra.db.ColumnFamilyStore.snapshot(ColumnFamilyStore.java:1785)
	at org.apache.cassandra.service.SnapshotVerbHandler.doVerb(SnapshotVerbHandler.java:41)
	at org.apache.cassandra.net.MessageDeliveryTask.run(MessageDeliveryTask.java:60)
	at java.util.concurrent.ThreadPoolExecutor.runWorker(ThreadPoolExecutor.java:1149)
	at java.util.concurrent.ThreadPoolExecutor$Worker.run(ThreadPoolExecutor.java:624)
	at java.lang.Thread.run(Thread.java:748)
Caused by: java.lang.InterruptedException: flaky test exception injection of TraceAgent
	at sun.reflect.NativeConstructorAccessorImpl.newInstance0(Native Method)
	at sun.reflect.NativeConstructorAccessorImpl.newInstance(NativeConstructorAccessorImpl.java:62)
	at sun.reflect.DelegatingConstructorAccessorImpl.newInstance(DelegatingConstructorAccessorImpl.java:45)
	at java.lang.reflect.Constructor.newInstance(Constructor.java:423)
	at runtime.exception.ExceptionBuilder.createException(ExceptionBuilder.java:16)
	at runtime.TraceAgent.<clinit>(TraceAgent.java:128)
	at org.apache.cassandra.service.CassandraDaemon.activate(CassandraDaemon.java:453)
	at org.apache.cassandra.service.CassandraDaemon.main(CassandraDaemon.java:504)
